2022-07-28 23:54:59,180  INFO raft.server start server:('172.17.0.2', 3769)
2022-07-28 23:54:59,183  INFO raft.peergroup self.me_peer:('172.17.0.2', 3769)
2022-07-28 23:54:59,184  INFO raft.peergroup self.other_peers:[<peergroup.Peer instance at 0xffffb0179870>, <peergroup.Peer instance at 0xffffb01799b0>, <peergroup.Peer instance at 0xffffafa95870>]
2022-07-28 23:54:59,184  INFO raft.peergroup create 3 threads
2022-07-28 23:54:59,184  INFO raft.peergroup start run.
2022-07-28 23:55:04,192  INFO raft.peergroup 5 seconds elapsed.
2022-07-28 23:55:09,201  INFO raft.peergroup 5 seconds elapsed.
2022-07-28 23:55:14,211  INFO raft.peergroup 5 seconds elapsed.
2022-07-28 23:55:19,223  INFO raft.peergroup 5 seconds elapsed.
2022-07-28 23:55:24,234  INFO raft.peergroup 5 seconds elapsed.
2022-07-28 23:55:29,243  INFO raft.peergroup 5 seconds elapsed.
2022-07-28 23:55:34,253  INFO raft.peergroup 5 seconds elapsed.
2022-07-28 23:55:39,261  INFO raft.peergroup 5 seconds elapsed.
2022-07-28 23:55:44,265  INFO raft.peergroup 5 seconds elapsed.
2022-07-28 23:55:49,265  INFO raft.peergroup 5 seconds elapsed.
2022-07-28 23:55:54,273  INFO raft.peergroup 5 seconds elapsed.
2022-07-28 23:55:59,279  INFO raft.peergroup 5 seconds elapsed.
2022-07-29 00:03:13,415  INFO raft.server start server:('172.17.0.2', 3769)
2022-07-29 00:03:13,416  INFO raft.peergroup self.me_peer:('172.17.0.2', 3769)
2022-07-29 00:03:13,416  INFO raft.peergroup self.other_peers:[<peergroup.Peer instance at 0xffffbe4da190>, <peergroup.Peer instance at 0xffffbe4da0f0>, <peergroup.Peer instance at 0xffffbdde9e60>]
2022-07-29 00:03:13,416  INFO raft.peergroup create 3 threads
2022-07-29 00:03:13,416  INFO raft.peergroup start run.
2022-07-29 00:03:18,419  INFO raft.peergroup 5 seconds elapsed.
2022-07-29 00:03:23,426  INFO raft.peergroup 5 seconds elapsed.
2022-07-29 00:03:28,427  INFO raft.peergroup 5 seconds elapsed.
2022-07-29 00:03:33,436  INFO raft.peergroup 5 seconds elapsed.
2022-07-29 00:07:32,684  INFO raft.server start server:('172.17.0.2', 3769)
2022-07-29 00:07:32,685  INFO raft.peergroup self.me_peer:('172.17.0.2', 3769)
2022-07-29 00:07:32,685  INFO raft.peergroup self.other_peers:[<peergroup.Peer instance at 0xffffa74cc050>, <peergroup.Peer instance at 0xffffa74cc280>, <peergroup.Peer instance at 0xffffa74cc2d0>]
2022-07-29 00:07:32,685  INFO raft.peergroup create 3 threads
2022-07-29 00:07:32,685  INFO raft.peergroup start run.
2022-07-29 00:07:37,686  INFO raft.peergroup 5 seconds elapsed.
2022-07-29 00:07:42,697  INFO raft.peergroup 5 seconds elapsed.
2022-07-29 00:53:10,389  INFO raft.server start server:('172.17.0.2', 3769)
2022-07-29 00:53:10,389  INFO raft.peergroup self.me_peer:('172.17.0.2', 3769)
2022-07-29 00:53:10,390  INFO raft.peergroup self.other_peers:[<peergroup.Peer instance at 0xffffa68d06e0>, <peergroup.Peer instance at 0xffffa68d0910>, <peergroup.Peer instance at 0xffffa68d0b40>]
2022-07-29 00:53:10,390  INFO raft.peergroup create 3 threads
2022-07-29 00:53:10,390  INFO raft.peergroup start run.
2022-07-29 00:53:15,399  INFO raft.peergroup 5 seconds elapsed.
2022-07-29 00:53:20,405  INFO raft.peergroup 5 seconds elapsed.
2022-07-29 00:53:25,410  INFO raft.peergroup 5 seconds elapsed.
2022-07-29 00:53:30,412  INFO raft.peergroup 5 seconds elapsed.
2022-07-29 00:53:35,422  INFO raft.peergroup 5 seconds elapsed.
2022-07-29 00:55:35,272  INFO raft.server start server:('172.17.0.2', 3769)
2022-07-29 00:55:35,274  INFO raft.peergroup self.me_peer:('172.17.0.2', 3769)
2022-07-29 00:55:35,275  INFO raft.peergroup self.other_peers:[<peergroup.Peer instance at 0xffffbe6666e0>, <peergroup.Peer instance at 0xffffbe666910>, <peergroup.Peer instance at 0xffffbe666b40>]
2022-07-29 00:55:35,275  INFO raft.peergroup create 3 threads
2022-07-29 00:55:35,275  INFO raft.peergroup start run.
2022-07-29 00:55:40,283  INFO raft.peergroup 5 seconds elapsed.
2022-07-29 00:55:45,293  INFO raft.peergroup 5 seconds elapsed.
2022-07-29 00:55:50,297  INFO raft.peergroup 5 seconds elapsed.
2022-07-29 00:56:41,307  INFO raft.server start server:('172.17.0.2', 3769)
2022-07-29 00:56:41,307  INFO raft.peergroup self.me_peer:('172.17.0.2', 3769)
2022-07-29 00:56:41,308  INFO raft.peergroup self.other_peers:[<peergroup.Peer instance at 0xffffb02a46e0>, <peergroup.Peer instance at 0xffffb02a4910>, <peergroup.Peer instance at 0xffffb02a4b40>]
2022-07-29 00:56:41,308  INFO raft.peergroup create 3 threads
2022-07-29 00:56:41,308  INFO raft.peergroup start run.
2022-07-29 00:56:41,309  INFO raft.raft Election Timeout Checker Start
2022-07-29 00:56:44,309  INFO raft.raft Election Timeout
2022-07-29 00:56:46,313  INFO raft.peergroup 5 seconds elapsed.
2022-07-29 00:56:51,314  INFO raft.peergroup 5 seconds elapsed.
2022-07-29 00:56:56,319  INFO raft.peergroup 5 seconds elapsed.
2022-07-29 00:57:01,329  INFO raft.peergroup 5 seconds elapsed.
2022-07-29 00:57:06,334  INFO raft.peergroup 5 seconds elapsed.
2022-07-29 00:57:31,708  INFO raft.server start server:('172.17.0.2', 3769)
2022-07-29 00:57:31,708  INFO raft.peergroup self.me_peer:('172.17.0.2', 3769)
2022-07-29 00:57:31,708  INFO raft.peergroup self.other_peers:[<peergroup.Peer instance at 0xffffa895c6e0>, <peergroup.Peer instance at 0xffffa895c910>, <peergroup.Peer instance at 0xffffa895cb40>]
2022-07-29 00:57:31,710  INFO raft.peergroup create 3 threads
2022-07-29 00:57:31,710  INFO raft.peergroup start run.
2022-07-29 00:57:31,710  INFO raft.raft Election Timeout Checker Start
2022-07-29 00:57:34,711  INFO raft.raft Election Timeout
2022-07-29 00:57:36,716  INFO raft.peergroup 5 seconds elapsed.
2022-07-29 00:57:41,719  INFO raft.peergroup 5 seconds elapsed.
2022-07-29 00:57:46,721  INFO raft.peergroup 5 seconds elapsed.
2022-07-29 00:57:51,730  INFO raft.peergroup 5 seconds elapsed.
2022-07-29 00:58:43,986  INFO raft.server start server:('172.17.0.2', 3769)
2022-07-29 00:58:43,986  INFO raft.peergroup self.me_peer:('172.17.0.2', 3769)
2022-07-29 00:58:43,987  INFO raft.peergroup self.other_peers:[<peergroup.Peer instance at 0xffffb30656e0>, <peergroup.Peer instance at 0xffffb3065910>, <peergroup.Peer instance at 0xffffb3065b40>]
2022-07-29 00:58:43,987  INFO raft.peergroup create 3 threads
2022-07-29 00:58:43,987  INFO raft.peergroup start run.
2022-07-29 00:58:43,987  INFO raft.raft Election Timeout Checker Start
2022-07-29 00:58:46,988  INFO raft.raft Election Timeout
2022-07-29 00:58:46,988  INFO raft.raft Do Noting as CANDIDATE
2022-07-29 00:58:47,994  INFO raft.raft Do Noting as CANDIDATE
2022-07-29 00:58:48,993  INFO raft.peergroup 5 seconds elapsed.
2022-07-29 00:58:48,995  INFO raft.raft Do Noting as CANDIDATE
2022-07-29 00:58:49,998  INFO raft.raft Do Noting as CANDIDATE
2022-07-29 00:58:51,005  INFO raft.raft Do Noting as CANDIDATE
2022-07-29 00:58:52,007  INFO raft.raft Do Noting as CANDIDATE
2022-07-29 00:58:53,012  INFO raft.raft Do Noting as CANDIDATE
2022-07-29 00:58:53,997  INFO raft.peergroup 5 seconds elapsed.
2022-07-29 00:58:54,013  INFO raft.raft Do Noting as CANDIDATE
2022-07-29 00:58:55,019  INFO raft.raft Do Noting as CANDIDATE
2022-07-29 00:58:56,025  INFO raft.raft Do Noting as CANDIDATE
2022-07-29 00:58:57,032  INFO raft.raft Do Noting as CANDIDATE
2022-07-29 00:58:58,039  INFO raft.raft Do Noting as CANDIDATE
2022-07-29 00:58:59,004  INFO raft.peergroup 5 seconds elapsed.
2022-07-29 01:27:39,741  INFO raft.server start server:('172.17.0.2', 3769)
2022-07-29 01:27:39,742  INFO raft.peergroup self.me_peer:('172.17.0.2', 3769)
2022-07-29 01:27:39,742  INFO raft.peergroup self.other_peers:[<peergroup.Peer instance at 0xffff930b8140>, <peergroup.Peer instance at 0xffff930b8230>, <peergroup.Peer instance at 0xffff930b8460>]
2022-07-29 01:27:39,742  INFO raft.peergroup create 3 threads
2022-07-29 01:27:39,742  INFO raft.peergroup start run.
2022-07-29 01:27:39,743  INFO raft.raft Election Timeout Checker Start
2022-07-29 01:27:42,745  INFO raft.raft Election Timeout
2022-07-29 01:27:42,745  INFO raft.raft Do Noting as CANDIDATE
2022-07-29 01:27:43,747  INFO raft.raft Do Noting as CANDIDATE
2022-07-29 01:27:44,749  INFO raft.raft Do Noting as CANDIDATE
2022-07-29 01:27:44,749  INFO raft.peergroup 5 seconds elapsed.
2022-07-29 01:27:45,750  INFO raft.raft Do Noting as CANDIDATE
2022-07-29 01:27:46,751  INFO raft.raft Do Noting as CANDIDATE
2022-07-29 01:27:47,757  INFO raft.raft Do Noting as CANDIDATE
2022-07-29 01:27:48,758  INFO raft.raft Do Noting as CANDIDATE
2022-07-29 01:27:49,758  INFO raft.peergroup 5 seconds elapsed.
2022-07-29 01:27:49,764  INFO raft.raft Do Noting as CANDIDATE
2022-07-29 01:27:50,766  INFO raft.raft Do Noting as CANDIDATE
2022-07-29 01:27:51,772  INFO raft.raft Do Noting as CANDIDATE
2022-07-29 01:27:52,778  INFO raft.raft Do Noting as CANDIDATE
2022-07-29 01:27:53,784  INFO raft.raft Do Noting as CANDIDATE
2022-07-29 01:27:54,762  INFO raft.peergroup 5 seconds elapsed.
2022-07-29 01:27:54,787  INFO raft.raft Do Noting as CANDIDATE
2022-07-29 01:27:55,790  INFO raft.raft Do Noting as CANDIDATE
2022-07-29 01:27:56,792  INFO raft.raft Do Noting as CANDIDATE
2022-07-29 01:27:57,795  INFO raft.raft Do Noting as CANDIDATE
2022-07-29 01:27:58,797  INFO raft.raft Do Noting as CANDIDATE
2022-07-29 01:27:59,764  INFO raft.peergroup 5 seconds elapsed.
2022-07-29 01:27:59,798  INFO raft.raft Do Noting as CANDIDATE
2022-07-29 01:28:00,799  INFO raft.raft Do Noting as CANDIDATE
2022-07-29 01:28:01,800  INFO raft.raft Do Noting as CANDIDATE
2022-07-29 01:28:02,807  INFO raft.raft Do Noting as CANDIDATE
2022-07-29 01:28:03,813  INFO raft.raft Do Noting as CANDIDATE
2022-07-29 01:28:04,772  INFO raft.peergroup 5 seconds elapsed.
2022-07-29 01:28:04,816  INFO raft.raft Do Noting as CANDIDATE
2022-07-29 01:28:05,822  INFO raft.raft Do Noting as CANDIDATE
2022-07-29 01:28:06,828  INFO raft.raft Do Noting as CANDIDATE
2022-07-29 01:28:07,832  INFO raft.raft Do Noting as CANDIDATE
2022-07-29 01:28:08,839  INFO raft.raft Do Noting as CANDIDATE
2022-07-29 01:28:09,780  INFO raft.peergroup 5 seconds elapsed.
2022-07-29 01:30:10,346  INFO raft.server start server:('172.17.0.2', 3769)
2022-07-29 01:30:10,347  INFO raft.peergroup self.me_peer:('172.17.0.2', 3769)
2022-07-29 01:30:10,347  INFO raft.peergroup self.other_peers:[<peergroup.Peer instance at 0xffff863436e0>, <peergroup.Peer instance at 0xffff86343910>, <peergroup.Peer instance at 0xffff86343b40>]
2022-07-29 01:30:10,347  INFO raft.peergroup create 3 threads
2022-07-29 01:30:34,843  INFO raft.server start server:('172.17.0.2', 3769)
2022-07-29 01:30:34,844  INFO raft.peergroup self.me_peer:('172.17.0.2', 3769)
2022-07-29 01:30:34,844  INFO raft.peergroup self.other_peers:[<peergroup.Peer instance at 0xffff91ab56e0>, <peergroup.Peer instance at 0xffff91ab5910>, <peergroup.Peer instance at 0xffff91ab5b40>]
2022-07-29 01:30:34,845  INFO raft.peergroup create 3 threads
2022-07-29 01:30:34,845  INFO raft.peergroup start run.
2022-07-29 01:30:34,846  INFO raft.raft Election Timeout Checker Start
2022-07-29 01:30:37,852  INFO raft.raft Election Timeout
2022-07-29 01:30:37,852  INFO raft.raft Do Noting as CANDIDATE
2022-07-29 01:30:37,852  INFO raft.raft ElectionChecker Start
2022-07-29 01:30:38,853  INFO raft.raft Do Noting as CANDIDATE
2022-07-29 01:30:39,851  INFO raft.peergroup 5 seconds elapsed.
2022-07-29 01:30:39,853  INFO raft.raft Do Noting as CANDIDATE
2022-07-29 01:30:40,856  INFO raft.raft Do Noting as CANDIDATE
2022-07-29 01:30:41,860  INFO raft.raft Do Noting as CANDIDATE
2022-07-29 01:30:42,862  INFO raft.raft Do Noting as CANDIDATE
2022-07-29 01:30:43,864  INFO raft.raft Do Noting as CANDIDATE
2022-07-29 01:30:44,860  INFO raft.peergroup 5 seconds elapsed.
2022-07-29 01:30:44,870  INFO raft.raft Do Noting as CANDIDATE
2022-07-29 01:30:45,875  INFO raft.raft Do Noting as CANDIDATE
2022-07-29 01:30:46,877  INFO raft.raft Do Noting as CANDIDATE
2022-07-29 01:30:47,882  INFO raft.raft Do Noting as CANDIDATE
2022-07-29 01:30:48,886  INFO raft.raft Do Noting as CANDIDATE
2022-07-29 01:30:49,868  INFO raft.peergroup 5 seconds elapsed.
2022-07-29 01:31:19,478  INFO raft.server start server:('172.17.0.2', 3769)
2022-07-29 01:31:19,479  INFO raft.peergroup self.me_peer:('172.17.0.2', 3769)
2022-07-29 01:31:19,479  INFO raft.peergroup self.other_peers:[<peergroup.Peer instance at 0xffffaa1e56e0>, <peergroup.Peer instance at 0xffffaa1e5910>, <peergroup.Peer instance at 0xffffaa1e5b40>]
2022-07-29 01:31:19,479  INFO raft.peergroup create 3 threads
2022-07-29 01:31:19,480  INFO raft.peergroup start run.
2022-07-29 01:31:19,481  INFO raft.raft Election Timeout Checker Start
2022-07-29 01:31:22,485  INFO raft.raft Election Timeout
2022-07-29 01:31:22,486  INFO raft.raft Do Noting as CANDIDATE
2022-07-29 01:31:22,486  INFO raft.raft ElectionChecker Start
2022-07-29 01:31:23,487  INFO raft.raft Do Noting as CANDIDATE
2022-07-29 01:31:24,490  INFO raft.peergroup 5 seconds elapsed.
2022-07-29 01:31:24,490  INFO raft.raft Do Noting as CANDIDATE
2022-07-29 01:31:25,494  INFO raft.raft Do Noting as CANDIDATE
2022-07-29 01:31:26,498  INFO raft.raft Do Noting as CANDIDATE
2022-07-29 01:31:27,504  INFO raft.raft Do Noting as CANDIDATE
2022-07-29 01:31:28,506  INFO raft.raft Do Noting as CANDIDATE
2022-07-29 01:31:29,493  INFO raft.peergroup 5 seconds elapsed.
2022-07-29 01:31:56,446  INFO raft.server start server:('172.17.0.2', 3769)
2022-07-29 01:31:56,447  INFO raft.peergroup self.me_peer:('172.17.0.2', 3769)
2022-07-29 01:31:56,447  INFO raft.peergroup self.other_peers:[<peergroup.Peer instance at 0xffffbc3f56e0>, <peergroup.Peer instance at 0xffffbc3f5910>, <peergroup.Peer instance at 0xffffbc3f5b40>]
2022-07-29 01:31:56,447  INFO raft.peergroup create 3 threads
2022-07-29 01:31:56,447  INFO raft.peergroup start run.
2022-07-29 01:31:56,448  INFO raft.raft Election Timeout Checker Start
2022-07-29 01:31:59,452  INFO raft.raft Election Timeout
2022-07-29 01:31:59,452  INFO raft.raft Do Noting as CANDIDATE
2022-07-29 01:31:59,452  INFO raft.raft ElectionChecker Start
2022-07-29 01:31:59,467  INFO raft.raft i:0, peer_result:None
2022-07-29 01:31:59,467  INFO raft.raft i:1, peer_result:None
2022-07-29 01:31:59,467  INFO raft.raft i:2, peer_result:None
2022-07-29 01:31:59,467  INFO raft.raft ('172.17.0.2', 3769) is FOLLOWER!
2022-07-29 01:32:01,452  INFO raft.peergroup 5 seconds elapsed.
2022-07-29 01:32:03,457  INFO raft.raft Election Timeout
2022-07-29 01:32:03,458  INFO raft.raft Do Noting as CANDIDATE
2022-07-29 01:32:03,458  INFO raft.raft ElectionChecker Start
2022-07-29 01:32:03,460  INFO raft.raft i:0, peer_result:None
2022-07-29 01:32:03,460  INFO raft.raft i:1, peer_result:None
2022-07-29 01:32:03,460  INFO raft.raft i:2, peer_result:None
2022-07-29 01:32:03,460  INFO raft.raft ('172.17.0.2', 3769) is FOLLOWER!
2022-07-29 01:32:06,461  INFO raft.peergroup 5 seconds elapsed.
2022-07-29 01:32:07,469  INFO raft.raft Election Timeout
2022-07-29 01:32:07,469  INFO raft.raft Do Noting as CANDIDATE
2022-07-29 01:32:07,469  INFO raft.raft ElectionChecker Start
2022-07-29 01:32:07,471  INFO raft.raft i:0, peer_result:None
2022-07-29 01:32:07,471  INFO raft.raft i:1, peer_result:None
2022-07-29 01:32:07,471  INFO raft.raft i:2, peer_result:None
2022-07-29 01:32:07,471  INFO raft.raft ('172.17.0.2', 3769) is FOLLOWER!
2022-07-29 01:32:11,467  INFO raft.peergroup 5 seconds elapsed.
2022-07-29 01:32:11,476  INFO raft.raft Election Timeout
2022-07-29 01:32:11,476  INFO raft.raft Do Noting as CANDIDATE
2022-07-29 01:32:11,477  INFO raft.raft ElectionChecker Start
2022-07-29 01:32:11,478  INFO raft.raft i:0, peer_result:None
2022-07-29 01:32:11,479  INFO raft.raft i:1, peer_result:None
2022-07-29 01:32:11,479  INFO raft.raft i:2, peer_result:None
2022-07-29 01:32:11,479  INFO raft.raft ('172.17.0.2', 3769) is FOLLOWER!
2022-07-29 01:32:15,478  INFO raft.raft Election Timeout
2022-07-29 01:32:15,478  INFO raft.raft Do Noting as CANDIDATE
2022-07-29 01:32:15,478  INFO raft.raft ElectionChecker Start
2022-07-29 01:32:15,480  INFO raft.raft i:0, peer_result:None
2022-07-29 01:32:15,480  INFO raft.raft i:1, peer_result:None
2022-07-29 01:32:15,480  INFO raft.raft i:2, peer_result:None
2022-07-29 01:32:15,481  INFO raft.raft ('172.17.0.2', 3769) is FOLLOWER!
2022-07-29 01:32:16,475  INFO raft.peergroup 5 seconds elapsed.
2022-07-29 01:32:19,484  INFO raft.raft Election Timeout
2022-07-29 01:32:19,485  INFO raft.raft Do Noting as CANDIDATE
2022-07-29 01:32:19,485  INFO raft.raft ElectionChecker Start
2022-07-29 01:32:19,487  INFO raft.raft i:0, peer_result:None
2022-07-29 01:32:19,487  INFO raft.raft i:1, peer_result:None
2022-07-29 01:32:19,487  INFO raft.raft i:2, peer_result:None
2022-07-29 01:32:19,487  INFO raft.raft ('172.17.0.2', 3769) is FOLLOWER!
2022-07-29 01:32:21,485  INFO raft.peergroup 5 seconds elapsed.
2022-07-29 01:32:23,490  INFO raft.raft Election Timeout
2022-07-29 01:32:23,490  INFO raft.raft Do Noting as CANDIDATE
2022-07-29 01:32:23,490  INFO raft.raft ElectionChecker Start
2022-07-29 01:32:23,493  INFO raft.raft i:0, peer_result:None
2022-07-29 01:32:23,494  INFO raft.raft i:1, peer_result:None
2022-07-29 01:32:23,494  INFO raft.raft i:2, peer_result:None
2022-07-29 01:32:23,494  INFO raft.raft ('172.17.0.2', 3769) is FOLLOWER!
2022-07-29 01:32:26,492  INFO raft.peergroup 5 seconds elapsed.
2022-07-29 01:32:27,496  INFO raft.raft Election Timeout
2022-07-29 01:32:27,496  INFO raft.raft Do Noting as CANDIDATE
2022-07-29 01:32:27,496  INFO raft.raft ElectionChecker Start
2022-07-29 01:32:27,499  INFO raft.raft i:0, peer_result:None
2022-07-29 01:32:27,499  INFO raft.raft i:1, peer_result:None
2022-07-29 01:32:27,499  INFO raft.raft i:2, peer_result:None
2022-07-29 01:32:27,499  INFO raft.raft ('172.17.0.2', 3769) is FOLLOWER!
2022-07-29 01:32:31,499  INFO raft.peergroup 5 seconds elapsed.
2022-07-29 01:32:31,502  INFO raft.raft Election Timeout
2022-07-29 01:32:31,503  INFO raft.raft ElectionChecker Start
2022-07-29 01:32:31,510  INFO raft.raft i:0, peer_result:None
2022-07-29 01:32:31,510  INFO raft.raft i:1, peer_result:None
2022-07-29 01:32:31,510  INFO raft.raft i:2, peer_result:None
2022-07-29 01:32:31,510  INFO raft.raft ('172.17.0.2', 3769) is FOLLOWER!
2022-07-29 01:39:31,076  INFO raft.server start server:('172.17.0.2', 3769)
2022-07-29 01:39:31,076  INFO raft.peergroup self.me_peer:('172.17.0.2', 3769)
2022-07-29 01:39:31,077  INFO raft.peergroup self.other_peers:[<peergroup.Peer instance at 0xffff974bf6e0>, <peergroup.Peer instance at 0xffff974bf910>, <peergroup.Peer instance at 0xffff974bfb40>]
2022-07-29 01:39:31,077  INFO raft.peergroup create 3 threads
2022-07-29 01:39:31,077  INFO raft.peergroup start run.
2022-07-29 01:39:31,078  INFO raft.raft Election Timeout Checker Start
2022-07-29 01:39:34,079  INFO raft.raft Election Timeout
2022-07-29 01:39:34,079  INFO raft.raft Do Noting as CANDIDATE
2022-07-29 01:39:34,079  INFO raft.raft ElectionChecker Start
2022-07-29 01:39:34,081  INFO raft.raft i:0, peer_result:None
2022-07-29 01:39:34,081  INFO raft.raft i:1, peer_result:None
2022-07-29 01:39:34,081  INFO raft.raft i:2, peer_result:None
2022-07-29 01:39:34,081  INFO raft.raft ('172.17.0.2', 3769) is FOLLOWER!
2022-07-29 01:39:36,085  INFO raft.peergroup 5 seconds elapsed.
2022-07-29 01:39:38,086  INFO raft.raft Election Timeout
2022-07-29 01:39:38,086  INFO raft.raft Do Noting as CANDIDATE
2022-07-29 01:39:38,087  INFO raft.raft ElectionChecker Start
2022-07-29 01:39:38,087  INFO raft.raft i:0, peer_result:None
2022-07-29 01:39:38,087  INFO raft.raft i:1, peer_result:None
2022-07-29 01:39:38,087  INFO raft.raft i:2, peer_result:None
2022-07-29 01:39:38,087  INFO raft.raft ('172.17.0.2', 3769) is FOLLOWER!
2022-07-29 01:39:41,090  INFO raft.peergroup 5 seconds elapsed.
2022-07-29 01:39:42,094  INFO raft.raft Election Timeout
2022-07-29 01:39:42,095  INFO raft.raft ElectionChecker Start
2022-07-29 01:39:42,099  INFO raft.raft i:0, peer_result:None
2022-07-29 01:39:42,100  INFO raft.raft i:1, peer_result:None
2022-07-29 01:39:42,101  INFO raft.raft i:2, peer_result:None
2022-07-29 01:39:42,101  INFO raft.raft ('172.17.0.2', 3769) is FOLLOWER!
2022-07-29 01:41:23,108  INFO raft.server start server:('172.17.0.2', 3769)
2022-07-29 01:41:23,109  INFO raft.peergroup self.me_peer:('172.17.0.2', 3769)
2022-07-29 01:41:23,109  INFO raft.peergroup self.other_peers:[<peergroup.Peer instance at 0xffffa336f6e0>, <peergroup.Peer instance at 0xffffa336f910>, <peergroup.Peer instance at 0xffffa336fb40>]
2022-07-29 01:41:23,109  INFO raft.peergroup create 3 threads
2022-07-29 01:41:23,109  INFO raft.peergroup start run.
2022-07-29 01:41:23,110  INFO raft.raft Election Timeout Checker Start
2022-07-29 01:41:26,112  INFO raft.raft Election Timeout
2022-07-29 01:41:26,112  INFO raft.raft Do Noting as CANDIDATE
2022-07-29 01:41:26,112  INFO raft.raft ElectionChecker Start
2022-07-29 01:41:26,114  INFO raft.raft i:0, peer_result:None
2022-07-29 01:41:26,115  INFO raft.raft i:1, peer_result:None
2022-07-29 01:41:26,115  INFO raft.raft i:2, peer_result:None
2022-07-29 01:41:26,115  INFO raft.raft ('172.17.0.2', 3769) is FOLLOWER!
2022-07-29 01:41:28,120  INFO raft.peergroup 5 seconds elapsed.
2022-07-29 01:41:30,117  INFO raft.raft Election Timeout
2022-07-29 01:41:30,117  INFO raft.raft Do Noting as CANDIDATE
2022-07-29 01:41:30,118  INFO raft.raft ElectionChecker Start
2022-07-29 01:41:30,120  INFO raft.raft i:0, peer_result:None
2022-07-29 01:41:30,120  INFO raft.raft i:1, peer_result:None
2022-07-29 01:41:30,120  INFO raft.raft i:2, peer_result:None
2022-07-29 01:41:30,120  INFO raft.raft ('172.17.0.2', 3769) is FOLLOWER!
2022-07-29 01:41:33,126  INFO raft.peergroup 5 seconds elapsed.
2022-07-29 01:41:34,128  INFO raft.raft Election Timeout
2022-07-29 01:41:34,128  INFO raft.raft Do Noting as CANDIDATE
2022-07-29 01:41:34,128  INFO raft.raft ElectionChecker Start
2022-07-29 01:41:34,131  INFO raft.raft i:0, peer_result:None
2022-07-29 01:41:34,131  INFO raft.raft i:1, peer_result:None
2022-07-29 01:41:34,131  INFO raft.raft i:2, peer_result:None
2022-07-29 01:41:34,131  INFO raft.raft ('172.17.0.2', 3769) is FOLLOWER!
2022-07-29 01:41:38,131  INFO raft.raft Election Timeout
2022-07-29 01:41:38,131  INFO raft.raft Do Noting as CANDIDATE
2022-07-29 01:41:38,132  INFO raft.raft ElectionChecker Start
2022-07-29 01:41:38,134  INFO raft.peergroup 5 seconds elapsed.
2022-07-29 01:41:38,136  INFO raft.raft i:0, peer_result:None
2022-07-29 01:41:38,136  INFO raft.raft i:1, peer_result:None
2022-07-29 01:41:38,136  INFO raft.raft i:2, peer_result:None
2022-07-29 01:41:38,137  INFO raft.raft ('172.17.0.2', 3769) is FOLLOWER!
2022-07-29 01:43:10,421  INFO raft.server start server:('172.17.0.2', 3769)
2022-07-29 01:43:10,422  INFO raft.peergroup self.me_peer:('172.17.0.2', 3769)
2022-07-29 01:43:10,422  INFO raft.peergroup self.other_peers:[<peergroup.Peer instance at 0xffff8b8256e0>, <peergroup.Peer instance at 0xffff8b825910>, <peergroup.Peer instance at 0xffff8b825b40>]
2022-07-29 01:43:10,422  INFO raft.peergroup create 3 threads
2022-07-29 01:43:10,423  INFO raft.peergroup start run.
2022-07-29 01:43:10,424  INFO raft.raft Election Timeout Checker Start
2022-07-29 01:43:13,426  INFO raft.raft Election Timeout
2022-07-29 01:43:13,426  INFO raft.raft Do Noting as CANDIDATE
2022-07-29 01:43:13,426  INFO raft.raft ElectionChecker Start
2022-07-29 01:43:13,429 ERROR raft.raft [Errno 111] Connection refused
2022-07-29 01:43:13,429 ERROR raft.raft [Errno 111] Connection refused
2022-07-29 01:43:13,429 ERROR raft.raft [Errno 111] Connection refused
2022-07-29 01:43:13,431  INFO raft.raft i:0, peer_result:None
2022-07-29 01:43:13,431  INFO raft.raft i:1, peer_result:None
2022-07-29 01:43:13,431  INFO raft.raft i:2, peer_result:None
2022-07-29 01:43:13,432  INFO raft.raft ('172.17.0.2', 3769) is FOLLOWER!
2022-07-29 01:43:15,428  INFO raft.peergroup 5 seconds elapsed.
2022-07-29 01:43:17,431  INFO raft.raft Election Timeout
2022-07-29 01:43:17,431  INFO raft.raft Do Noting as CANDIDATE
2022-07-29 01:43:17,431  INFO raft.raft ElectionChecker Start
2022-07-29 01:43:17,433 ERROR raft.raft [Errno 111] Connection refused
2022-07-29 01:43:17,434 ERROR raft.raft [Errno 111] Connection refused
2022-07-29 01:43:17,436 ERROR raft.raft [Errno 111] Connection refused
2022-07-29 01:43:17,439  INFO raft.raft i:0, peer_result:None
2022-07-29 01:43:17,439  INFO raft.raft i:1, peer_result:None
2022-07-29 01:43:17,439  INFO raft.raft i:2, peer_result:None
2022-07-29 01:43:17,439  INFO raft.raft ('172.17.0.2', 3769) is FOLLOWER!
2022-07-29 01:43:21,434  INFO raft.raft Election Timeout
2022-07-29 01:43:21,437  INFO raft.raft Do Noting as CANDIDATE
2022-07-29 01:43:21,437  INFO raft.raft ElectionChecker Start
2022-07-29 01:43:21,439 ERROR raft.raft [Errno 111] Connection refused
2022-07-29 01:43:21,441 ERROR raft.raft [Errno 111] Connection refused
2022-07-29 01:43:21,441 ERROR raft.raft [Errno 111] Connection refused
2022-07-29 01:43:21,443  INFO raft.raft i:0, peer_result:None
2022-07-29 01:43:21,443  INFO raft.raft i:1, peer_result:None
2022-07-29 01:43:21,443  INFO raft.raft i:2, peer_result:None
2022-07-29 01:43:21,443  INFO raft.raft ('172.17.0.2', 3769) is FOLLOWER!
2022-07-29 01:43:59,756  INFO raft.raft Election Timeout
2022-07-29 01:43:59,756  INFO raft.raft Do Noting as CANDIDATE
2022-07-29 01:43:59,756  INFO raft.raft ElectionChecker Start
2022-07-29 01:43:59,759 ERROR raft.raft [Errno 111] Connection refused
2022-07-29 01:43:59,760 ERROR raft.raft [Errno 111] Connection refused
2022-07-29 01:43:59,761 ERROR raft.raft [Errno 111] Connection refused
2022-07-29 01:43:59,761  INFO raft.raft i:0, peer_result:None
2022-07-29 01:43:59,761  INFO raft.raft i:1, peer_result:None
2022-07-29 01:43:59,761  INFO raft.raft i:2, peer_result:None
2022-07-29 01:43:59,761  INFO raft.raft ('172.17.0.2', 3769) is FOLLOWER!
2022-07-29 01:43:59,913  INFO raft.peergroup 5 seconds elapsed.
2022-07-29 01:44:07,393  INFO raft.server start server:('172.17.0.2', 3769)
2022-07-29 01:44:07,393  INFO raft.peergroup self.me_peer:('172.17.0.2', 3769)
2022-07-29 01:44:07,394  INFO raft.peergroup self.other_peers:[<peergroup.Peer instance at 0xffff98d836e0>, <peergroup.Peer instance at 0xffff98d83910>, <peergroup.Peer instance at 0xffff98d83b40>]
2022-07-29 01:44:07,394  INFO raft.peergroup create 3 threads
2022-07-29 01:44:07,394  INFO raft.peergroup start run.
2022-07-29 01:44:07,395  INFO raft.raft Election Timeout Checker Start
2022-07-29 01:44:10,400  INFO raft.raft Election Timeout
2022-07-29 01:44:10,400  INFO raft.raft Do Noting as CANDIDATE
2022-07-29 01:44:10,400  INFO raft.raft ElectionChecker Start
2022-07-29 01:44:10,402 ERROR raft.raft [Errno 111] Connection refused
2022-07-29 01:44:10,402 ERROR raft.raft [Errno 111] Connection refused
2022-07-29 01:44:10,403 ERROR raft.raft [Errno 111] Connection refused
2022-07-29 01:44:10,405  INFO raft.raft i:0, peer_result:None
2022-07-29 01:44:10,405  INFO raft.raft i:1, peer_result:None
2022-07-29 01:44:10,405  INFO raft.raft i:2, peer_result:None
2022-07-29 01:44:10,405  INFO raft.raft ('172.17.0.2', 3769) is FOLLOWER!
2022-07-29 01:44:12,401  INFO raft.peergroup 5 seconds elapsed.
2022-07-29 01:44:14,401  INFO raft.raft Election Timeout
2022-07-29 01:44:14,402  INFO raft.raft Do Noting as CANDIDATE
2022-07-29 01:44:14,402  INFO raft.raft ElectionChecker Start
2022-07-29 01:44:14,413 ERROR raft.raft [Errno 111] Connection refused
2022-07-29 01:44:14,412 ERROR raft.raft [Errno 111] Connection refused
2022-07-29 01:44:14,413 ERROR raft.raft [Errno 111] Connection refused
2022-07-29 01:44:14,418  INFO raft.raft i:0, peer_result:None
2022-07-29 01:44:14,418  INFO raft.raft i:1, peer_result:None
2022-07-29 01:44:14,419  INFO raft.raft i:2, peer_result:None
2022-07-29 01:44:14,419  INFO raft.raft ('172.17.0.2', 3769) is FOLLOWER!
2022-07-29 01:44:17,410  INFO raft.peergroup 5 seconds elapsed.
2022-07-29 01:44:18,408  INFO raft.raft Election Timeout
2022-07-29 01:44:18,410  INFO raft.raft ElectionChecker Start
2022-07-29 01:44:18,414 ERROR raft.raft [Errno 111] Connection refused
2022-07-29 01:44:18,419 ERROR raft.raft [Errno 111] Connection refused
2022-07-29 01:44:18,420 ERROR raft.raft [Errno 111] Connection refused
2022-07-29 01:44:18,423  INFO raft.raft i:0, peer_result:None
2022-07-29 01:44:18,423  INFO raft.raft i:1, peer_result:None
2022-07-29 01:44:18,423  INFO raft.raft i:2, peer_result:None
2022-07-29 01:44:18,423  INFO raft.raft ('172.17.0.2', 3769) is FOLLOWER!
2022-07-29 01:45:10,075  INFO raft.server start server:('172.17.0.2', 3769)
2022-07-29 01:45:10,076  INFO raft.peergroup self.me_peer:('172.17.0.2', 3769)
2022-07-29 01:45:10,076  INFO raft.peergroup self.other_peers:[<peergroup.Peer instance at 0xffff9b94e6e0>, <peergroup.Peer instance at 0xffff9b94e910>, <peergroup.Peer instance at 0xffff9b94eb40>]
2022-07-29 01:45:10,076  INFO raft.peergroup create 3 threads
2022-07-29 01:45:10,077  INFO raft.peergroup start run.
2022-07-29 01:45:10,078  INFO raft.raft Election Timeout Checker Start
2022-07-29 01:45:13,083  INFO raft.raft Election Timeout
2022-07-29 01:45:13,083  INFO raft.raft Do Noting as CANDIDATE
2022-07-29 01:45:13,083  INFO raft.raft ElectionChecker Start
2022-07-29 01:45:13,086 ERROR raft.raft [Errno 111] Connection refused
2022-07-29 01:45:13,086  INFO raft.raft ip_port:('172.17.0.4', 3769)'s Vote:None
2022-07-29 01:45:13,086 ERROR raft.raft [Errno 111] Connection refused
2022-07-29 01:45:13,086  INFO raft.raft ip_port:('172.17.0.3', 3769)'s Vote:None
2022-07-29 01:45:13,087 ERROR raft.raft [Errno 111] Connection refused
2022-07-29 01:45:13,087  INFO raft.raft ip_port:('172.17.0.5', 3769)'s Vote:None
2022-07-29 01:45:13,087  INFO raft.raft i:0, peer_result:None
2022-07-29 01:45:13,087  INFO raft.raft i:1, peer_result:None
2022-07-29 01:45:13,087  INFO raft.raft i:2, peer_result:None
2022-07-29 01:45:13,087  INFO raft.raft ('172.17.0.2', 3769) is FOLLOWER!
2022-07-29 01:45:15,086  INFO raft.peergroup 5 seconds elapsed.
2022-07-29 01:45:27,651  INFO raft.server start server:('172.17.0.2', 3769)
2022-07-29 01:45:27,651  INFO raft.peergroup self.me_peer:('172.17.0.2', 3769)
2022-07-29 01:45:27,652  INFO raft.peergroup self.other_peers:[<peergroup.Peer instance at 0xffff8a0326e0>, <peergroup.Peer instance at 0xffff8a032910>, <peergroup.Peer instance at 0xffff8a032b40>]
2022-07-29 01:45:27,652  INFO raft.peergroup create 3 threads
2022-07-29 01:45:27,652  INFO raft.peergroup start run.
2022-07-29 01:45:27,653  INFO raft.raft Election Timeout Checker Start
2022-07-29 01:45:30,654  INFO raft.raft Election Timeout
2022-07-29 01:45:30,654  INFO raft.raft Do Noting as CANDIDATE
2022-07-29 01:45:30,654  INFO raft.raft ElectionChecker Start
2022-07-29 01:45:30,657 ERROR raft.raft [Errno 111] Connection refused
2022-07-29 01:45:30,657  INFO raft.raft ip_port:('172.17.0.3', 3769)'s Vote:None
2022-07-29 01:45:30,657 ERROR raft.raft [Errno 111] Connection refused
2022-07-29 01:45:30,657  INFO raft.raft ip_port:('172.17.0.4', 3769)'s Vote:None
2022-07-29 01:45:30,657 ERROR raft.raft [Errno 111] Connection refused
2022-07-29 01:45:30,658  INFO raft.raft ip_port:('172.17.0.5', 3769)'s Vote:None
2022-07-29 01:45:30,658  INFO raft.raft i:0, peer_result:None
2022-07-29 01:45:30,658  INFO raft.raft i:1, peer_result:None
2022-07-29 01:45:30,658  INFO raft.raft i:2, peer_result:None
2022-07-29 01:45:30,658  INFO raft.raft ('172.17.0.2', 3769) is FOLLOWER!
2022-07-29 01:45:32,658  INFO raft.peergroup 5 seconds elapsed.
2022-07-29 01:45:34,656  INFO raft.raft Election Timeout
2022-07-29 01:45:34,656  INFO raft.raft Do Noting as CANDIDATE
2022-07-29 01:45:34,656  INFO raft.raft ElectionChecker Start
2022-07-29 01:45:34,657 ERROR raft.raft [Errno 111] Connection refused
2022-07-29 01:45:34,657  INFO raft.raft ip_port:('172.17.0.3', 3769)'s Vote:None
2022-07-29 01:45:34,657 ERROR raft.raft [Errno 111] Connection refused
2022-07-29 01:45:34,657  INFO raft.raft ip_port:('172.17.0.4', 3769)'s Vote:None
2022-07-29 01:45:34,657 ERROR raft.raft [Errno 111] Connection refused
2022-07-29 01:45:34,658  INFO raft.raft ip_port:('172.17.0.5', 3769)'s Vote:None
2022-07-29 01:45:34,658  INFO raft.raft i:0, peer_result:None
2022-07-29 01:45:34,658  INFO raft.raft i:1, peer_result:None
2022-07-29 01:45:34,658  INFO raft.raft i:2, peer_result:None
2022-07-29 01:45:34,658  INFO raft.raft ('172.17.0.2', 3769) is FOLLOWER!
2022-07-29 01:45:37,664  INFO raft.peergroup 5 seconds elapsed.
2022-07-29 01:45:38,663  INFO raft.raft Election Timeout
2022-07-29 01:45:38,663  INFO raft.raft Do Noting as CANDIDATE
2022-07-29 01:45:38,663  INFO raft.raft ElectionChecker Start
2022-07-29 01:45:38,664 ERROR raft.raft [Errno 111] Connection refused
2022-07-29 01:45:38,664  INFO raft.raft ip_port:('172.17.0.4', 3769)'s Vote:None
2022-07-29 01:45:38,664 ERROR raft.raft [Errno 111] Connection refused
2022-07-29 01:45:38,664 ERROR raft.raft [Errno 111] Connection refused
2022-07-29 01:45:38,665  INFO raft.raft ip_port:('172.17.0.5', 3769)'s Vote:None
2022-07-29 01:45:38,665  INFO raft.raft ip_port:('172.17.0.3', 3769)'s Vote:None
2022-07-29 01:45:38,665  INFO raft.raft i:0, peer_result:None
2022-07-29 01:45:38,665  INFO raft.raft i:1, peer_result:None
2022-07-29 01:45:38,665  INFO raft.raft i:2, peer_result:None
2022-07-29 01:45:38,665  INFO raft.raft ('172.17.0.2', 3769) is FOLLOWER!
2022-07-29 01:45:42,671  INFO raft.peergroup 5 seconds elapsed.
2022-07-29 01:45:42,673  INFO raft.raft Election Timeout
2022-07-29 01:45:42,673  INFO raft.raft Do Noting as CANDIDATE
2022-07-29 01:45:42,673  INFO raft.raft ElectionChecker Start
2022-07-29 01:45:42,674 ERROR raft.raft [Errno 111] Connection refused
2022-07-29 01:45:42,674 ERROR raft.raft [Errno 111] Connection refused
2022-07-29 01:45:42,675  INFO raft.raft ip_port:('172.17.0.3', 3769)'s Vote:None
2022-07-29 01:45:42,675  INFO raft.raft ip_port:('172.17.0.4', 3769)'s Vote:None
2022-07-29 01:45:42,675 ERROR raft.raft [Errno 111] Connection refused
2022-07-29 01:45:42,675  INFO raft.raft ip_port:('172.17.0.5', 3769)'s Vote:None
2022-07-29 01:45:42,676  INFO raft.raft i:0, peer_result:None
2022-07-29 01:45:42,676  INFO raft.raft i:1, peer_result:None
2022-07-29 01:45:42,676  INFO raft.raft i:2, peer_result:None
2022-07-29 01:45:42,676  INFO raft.raft ('172.17.0.2', 3769) is FOLLOWER!
2022-07-29 01:45:46,678  INFO raft.raft Election Timeout
2022-07-29 01:45:46,678  INFO raft.raft Do Noting as CANDIDATE
2022-07-29 01:45:46,678  INFO raft.raft ElectionChecker Start
2022-07-29 01:45:46,679 ERROR raft.raft [Errno 111] Connection refused
2022-07-29 01:45:46,679  INFO raft.raft ip_port:('172.17.0.3', 3769)'s Vote:None
2022-07-29 01:45:46,679 ERROR raft.raft [Errno 111] Connection refused
2022-07-29 01:45:46,680  INFO raft.raft ip_port:('172.17.0.5', 3769)'s Vote:None
2022-07-29 01:45:46,680 ERROR raft.raft [Errno 111] Connection refused
2022-07-29 01:45:46,680  INFO raft.raft ip_port:('172.17.0.4', 3769)'s Vote:None
2022-07-29 01:45:46,680  INFO raft.raft i:0, peer_result:None
2022-07-29 01:45:46,680  INFO raft.raft i:1, peer_result:None
2022-07-29 01:45:46,680  INFO raft.raft i:2, peer_result:None
2022-07-29 01:45:46,680  INFO raft.raft ('172.17.0.2', 3769) is FOLLOWER!
2022-07-29 01:45:47,676  INFO raft.peergroup 5 seconds elapsed.
2022-07-29 01:45:50,687  INFO raft.raft Election Timeout
2022-07-29 01:45:50,687  INFO raft.raft Do Noting as CANDIDATE
2022-07-29 01:45:50,687  INFO raft.raft ElectionChecker Start
2022-07-29 01:45:50,688 ERROR raft.raft [Errno 111] Connection refused
2022-07-29 01:45:50,688 ERROR raft.raft [Errno 111] Connection refused
2022-07-29 01:45:50,688  INFO raft.raft ip_port:('172.17.0.5', 3769)'s Vote:None
2022-07-29 01:45:50,688 ERROR raft.raft [Errno 111] Connection refused
2022-07-29 01:45:50,688  INFO raft.raft ip_port:('172.17.0.3', 3769)'s Vote:None
2022-07-29 01:45:50,689  INFO raft.raft ip_port:('172.17.0.4', 3769)'s Vote:None
2022-07-29 01:45:50,689  INFO raft.raft i:0, peer_result:None
2022-07-29 01:45:50,689  INFO raft.raft i:1, peer_result:None
2022-07-29 01:45:50,689  INFO raft.raft i:2, peer_result:None
2022-07-29 01:45:50,689  INFO raft.raft ('172.17.0.2', 3769) is FOLLOWER!
2022-07-29 01:45:52,684  INFO raft.peergroup 5 seconds elapsed.
2022-07-29 01:45:54,690  INFO raft.raft Election Timeout
2022-07-29 01:45:54,690  INFO raft.raft Do Noting as CANDIDATE
2022-07-29 01:45:54,690  INFO raft.raft ElectionChecker Start
2022-07-29 01:45:54,691 ERROR raft.raft [Errno 111] Connection refused
2022-07-29 01:45:54,691  INFO raft.raft ip_port:('172.17.0.3', 3769)'s Vote:None
2022-07-29 01:45:54,692 ERROR raft.raft [Errno 111] Connection refused
2022-07-29 01:45:54,692  INFO raft.raft ip_port:('172.17.0.4', 3769)'s Vote:None
2022-07-29 01:45:54,692 ERROR raft.raft [Errno 111] Connection refused
2022-07-29 01:45:54,692  INFO raft.raft ip_port:('172.17.0.5', 3769)'s Vote:None
2022-07-29 01:45:54,692  INFO raft.raft i:0, peer_result:None
2022-07-29 01:45:54,692  INFO raft.raft i:1, peer_result:None
2022-07-29 01:45:54,692  INFO raft.raft i:2, peer_result:None
2022-07-29 01:45:54,692  INFO raft.raft ('172.17.0.2', 3769) is FOLLOWER!
2022-07-29 01:45:57,693  INFO raft.peergroup 5 seconds elapsed.
2022-07-29 01:45:58,693  INFO raft.raft Election Timeout
2022-07-29 01:45:58,693  INFO raft.raft Do Noting as CANDIDATE
2022-07-29 01:45:58,693  INFO raft.raft ElectionChecker Start
2022-07-29 01:45:58,694 ERROR raft.raft [Errno 111] Connection refused
2022-07-29 01:45:58,694  INFO raft.raft ip_port:('172.17.0.3', 3769)'s Vote:None
2022-07-29 01:45:58,695 ERROR raft.raft [Errno 111] Connection refused
2022-07-29 01:45:58,695  INFO raft.raft ip_port:('172.17.0.5', 3769)'s Vote:None
2022-07-29 01:45:58,695 ERROR raft.raft [Errno 111] Connection refused
2022-07-29 01:45:58,695  INFO raft.raft ip_port:('172.17.0.4', 3769)'s Vote:None
2022-07-29 01:45:58,695  INFO raft.raft i:0, peer_result:None
2022-07-29 01:45:58,695  INFO raft.raft i:1, peer_result:None
2022-07-29 01:45:58,695  INFO raft.raft i:2, peer_result:None
2022-07-29 01:45:58,695  INFO raft.raft ('172.17.0.2', 3769) is FOLLOWER!
2022-07-29 01:46:02,696  INFO raft.peergroup 5 seconds elapsed.
2022-07-29 01:46:02,697  INFO raft.raft Election Timeout
2022-07-29 01:46:02,697  INFO raft.raft Do Noting as CANDIDATE
2022-07-29 01:46:02,697  INFO raft.raft ElectionChecker Start
2022-07-29 01:46:02,698 ERROR raft.raft [Errno 111] Connection refused
2022-07-29 01:46:02,698 ERROR raft.raft [Errno 111] Connection refused
2022-07-29 01:46:02,698  INFO raft.raft ip_port:('172.17.0.4', 3769)'s Vote:None
2022-07-29 01:46:02,698  INFO raft.raft ip_port:('172.17.0.3', 3769)'s Vote:None
2022-07-29 01:46:02,699 ERROR raft.raft [Errno 111] Connection refused
2022-07-29 01:46:02,699  INFO raft.raft ip_port:('172.17.0.5', 3769)'s Vote:None
2022-07-29 01:46:02,699  INFO raft.raft i:0, peer_result:None
2022-07-29 01:46:02,699  INFO raft.raft i:1, peer_result:None
2022-07-29 01:46:02,699  INFO raft.raft i:2, peer_result:None
2022-07-29 01:46:02,699  INFO raft.raft ('172.17.0.2', 3769) is FOLLOWER!
2022-07-29 01:46:06,700  INFO raft.raft Election Timeout
2022-07-29 01:46:06,700  INFO raft.raft Do Noting as CANDIDATE
2022-07-29 01:46:06,700  INFO raft.raft ElectionChecker Start
2022-07-29 01:46:06,701 ERROR raft.raft [Errno 111] Connection refused
2022-07-29 01:46:06,701  INFO raft.raft ip_port:('172.17.0.3', 3769)'s Vote:None
2022-07-29 01:46:06,702 ERROR raft.raft [Errno 111] Connection refused
2022-07-29 01:46:06,702 ERROR raft.raft [Errno 111] Connection refused
2022-07-29 01:46:06,702  INFO raft.raft ip_port:('172.17.0.4', 3769)'s Vote:None
2022-07-29 01:46:06,702  INFO raft.raft ip_port:('172.17.0.5', 3769)'s Vote:None
2022-07-29 01:46:06,702  INFO raft.raft i:0, peer_result:None
2022-07-29 01:46:06,702  INFO raft.raft i:1, peer_result:None
2022-07-29 01:46:06,703  INFO raft.raft i:2, peer_result:None
2022-07-29 01:46:06,703  INFO raft.raft ('172.17.0.2', 3769) is FOLLOWER!
2022-07-29 01:46:07,703  INFO raft.peergroup 5 seconds elapsed.
2022-07-29 01:46:10,708  INFO raft.raft Election Timeout
2022-07-29 01:46:10,708  INFO raft.raft Do Noting as CANDIDATE
2022-07-29 01:46:10,708  INFO raft.raft ElectionChecker Start
2022-07-29 01:46:10,709 ERROR raft.raft [Errno 111] Connection refused
2022-07-29 01:46:10,709  INFO raft.raft ip_port:('172.17.0.3', 3769)'s Vote:None
2022-07-29 01:46:10,709 ERROR raft.raft [Errno 111] Connection refused
2022-07-29 01:46:10,709 ERROR raft.raft [Errno 111] Connection refused
2022-07-29 01:46:10,710  INFO raft.raft ip_port:('172.17.0.4', 3769)'s Vote:None
2022-07-29 01:46:10,710  INFO raft.raft ip_port:('172.17.0.5', 3769)'s Vote:None
2022-07-29 01:46:10,711  INFO raft.raft i:0, peer_result:None
2022-07-29 01:46:10,711  INFO raft.raft i:1, peer_result:None
2022-07-29 01:46:10,711  INFO raft.raft i:2, peer_result:None
2022-07-29 01:46:10,711  INFO raft.raft ('172.17.0.2', 3769) is FOLLOWER!
2022-07-29 01:46:12,707  INFO raft.peergroup 5 seconds elapsed.
2022-07-29 01:46:14,714  INFO raft.raft Election Timeout
2022-07-29 01:46:14,714  INFO raft.raft Do Noting as CANDIDATE
2022-07-29 01:46:14,714  INFO raft.raft ElectionChecker Start
2022-07-29 01:46:14,715 ERROR raft.raft [Errno 111] Connection refused
2022-07-29 01:46:14,715 ERROR raft.raft [Errno 111] Connection refused
2022-07-29 01:46:14,715  INFO raft.raft ip_port:('172.17.0.3', 3769)'s Vote:None
2022-07-29 01:46:14,715  INFO raft.raft ip_port:('172.17.0.4', 3769)'s Vote:None
2022-07-29 01:46:14,715 ERROR raft.raft [Errno 111] Connection refused
2022-07-29 01:46:14,716  INFO raft.raft ip_port:('172.17.0.5', 3769)'s Vote:None
2022-07-29 01:46:14,716  INFO raft.raft i:0, peer_result:None
2022-07-29 01:46:14,716  INFO raft.raft i:1, peer_result:None
2022-07-29 01:46:14,716  INFO raft.raft i:2, peer_result:None
2022-07-29 01:46:14,716  INFO raft.raft ('172.17.0.2', 3769) is FOLLOWER!
2022-07-29 01:46:17,713  INFO raft.peergroup 5 seconds elapsed.
2022-07-29 01:46:18,720  INFO raft.raft Election Timeout
2022-07-29 01:46:18,720  INFO raft.raft Do Noting as CANDIDATE
2022-07-29 01:46:18,720  INFO raft.raft ElectionChecker Start
2022-07-29 01:46:18,721 ERROR raft.raft [Errno 111] Connection refused
2022-07-29 01:46:18,721  INFO raft.raft ip_port:('172.17.0.3', 3769)'s Vote:None
2022-07-29 01:46:18,722 ERROR raft.raft [Errno 111] Connection refused
2022-07-29 01:46:18,722  INFO raft.raft ip_port:('172.17.0.4', 3769)'s Vote:None
2022-07-29 01:46:18,722 ERROR raft.raft [Errno 111] Connection refused
2022-07-29 01:46:18,722  INFO raft.raft ip_port:('172.17.0.5', 3769)'s Vote:None
2022-07-29 01:46:18,722  INFO raft.raft i:0, peer_result:None
2022-07-29 01:46:18,722  INFO raft.raft i:1, peer_result:None
2022-07-29 01:46:18,722  INFO raft.raft i:2, peer_result:None
2022-07-29 01:46:18,722  INFO raft.raft ('172.17.0.2', 3769) is FOLLOWER!
2022-07-29 01:46:22,721  INFO raft.peergroup 5 seconds elapsed.
2022-07-29 01:46:22,725  INFO raft.raft Election Timeout
2022-07-29 01:46:22,725  INFO raft.raft Do Noting as CANDIDATE
2022-07-29 01:46:22,725  INFO raft.raft ElectionChecker Start
2022-07-29 01:46:22,726 ERROR raft.raft [Errno 111] Connection refused
2022-07-29 01:46:22,726  INFO raft.raft ip_port:('172.17.0.3', 3769)'s Vote:None
2022-07-29 01:46:22,726 ERROR raft.raft [Errno 111] Connection refused
2022-07-29 01:46:22,727 ERROR raft.raft [Errno 111] Connection refused
2022-07-29 01:46:22,727  INFO raft.raft ip_port:('172.17.0.5', 3769)'s Vote:None
2022-07-29 01:46:22,727  INFO raft.raft ip_port:('172.17.0.4', 3769)'s Vote:None
2022-07-29 01:46:22,728  INFO raft.raft i:0, peer_result:None
2022-07-29 01:46:22,728  INFO raft.raft i:1, peer_result:None
2022-07-29 01:46:22,728  INFO raft.raft i:2, peer_result:None
2022-07-29 01:46:22,728  INFO raft.raft ('172.17.0.2', 3769) is FOLLOWER!
2022-07-29 01:46:26,735  INFO raft.raft Election Timeout
2022-07-29 01:46:26,736  INFO raft.raft Do Noting as CANDIDATE
2022-07-29 01:46:26,736  INFO raft.raft ElectionChecker Start
2022-07-29 01:46:26,740 ERROR raft.raft [Errno 111] Connection refused
2022-07-29 01:46:26,741 ERROR raft.raft [Errno 111] Connection refused
2022-07-29 01:46:26,741  INFO raft.raft ip_port:('172.17.0.3', 3769)'s Vote:None
2022-07-29 01:46:26,742  INFO raft.raft ip_port:('172.17.0.4', 3769)'s Vote:None
2022-07-29 01:46:26,743 ERROR raft.raft [Errno 111] Connection refused
2022-07-29 01:46:26,743  INFO raft.raft ip_port:('172.17.0.5', 3769)'s Vote:None
2022-07-29 01:46:26,744  INFO raft.raft i:0, peer_result:None
2022-07-29 01:46:26,744  INFO raft.raft i:1, peer_result:None
2022-07-29 01:46:26,744  INFO raft.raft i:2, peer_result:None
2022-07-29 01:46:26,744  INFO raft.raft ('172.17.0.2', 3769) is FOLLOWER!
2022-07-29 01:46:27,730  INFO raft.peergroup 5 seconds elapsed.
2022-07-29 01:49:18,863  INFO raft.server start server:('172.17.0.2', 3769)
2022-07-29 01:49:18,863  INFO raft.peergroup self.me_peer:('172.17.0.2', 3769)
2022-07-29 01:49:18,864  INFO raft.peergroup self.other_peers:[<peergroup.Peer instance at 0xffffbb8546e0>, <peergroup.Peer instance at 0xffffbb854910>, <peergroup.Peer instance at 0xffffbb854b40>]
2022-07-29 01:49:18,864  INFO raft.peergroup create 3 threads
2022-07-29 01:49:18,864  INFO raft.peergroup start run.
2022-07-29 01:49:18,865  INFO raft.raft Election Timeout Checker Start
2022-07-29 01:49:21,865  INFO raft.raft Election Timeout
2022-07-29 01:49:21,866  INFO raft.raft Do Noting as CANDIDATE
2022-07-29 01:49:22,872  INFO raft.raft Do Noting as CANDIDATE
2022-07-29 01:49:23,872  INFO raft.peergroup 5 seconds elapsed.
2022-07-29 01:49:55,310  INFO raft.server start server:('172.17.0.2', 3769)
2022-07-29 01:49:55,311  INFO raft.peergroup self.me_peer:('172.17.0.2', 3769)
2022-07-29 01:49:55,311  INFO raft.peergroup self.other_peers:[<peergroup.Peer instance at 0xffff8b0e76e0>, <peergroup.Peer instance at 0xffff8b0e7910>, <peergroup.Peer instance at 0xffff8b0e7b40>]
2022-07-29 01:49:55,312  INFO raft.peergroup create 3 threads
2022-07-29 01:49:55,312  INFO raft.peergroup start run.
2022-07-29 01:49:55,313  INFO raft.raft Election Timeout Checker Start
2022-07-29 01:49:58,315  INFO raft.raft Election Timeout
2022-07-29 01:49:58,315  INFO raft.raft Do Noting as CANDIDATE
2022-07-29 01:49:58,321  INFO raft.raft ElectionChecker Start
2022-07-29 01:49:58,323 ERROR raft.raft [Errno 111] Connection refused
2022-07-29 01:49:58,323  INFO raft.raft ip_port:('172.17.0.4', 3769)'s Vote:None
2022-07-29 01:49:58,324 ERROR raft.raft [Errno 111] Connection refused
2022-07-29 01:49:58,324  INFO raft.raft ip_port:('172.17.0.5', 3769)'s Vote:None
2022-07-29 01:49:58,324 ERROR raft.raft [Errno 111] Connection refused
2022-07-29 01:49:58,324  INFO raft.raft ip_port:('172.17.0.3', 3769)'s Vote:None
2022-07-29 01:49:58,324  INFO raft.raft i:0, peer_result:None
2022-07-29 01:49:58,324  INFO raft.raft i:1, peer_result:None
2022-07-29 01:49:58,324  INFO raft.raft i:2, peer_result:None
2022-07-29 01:49:58,324  INFO raft.raft ('172.17.0.2', 3769) is FOLLOWER!
2022-07-29 01:50:00,322  INFO raft.peergroup 5 seconds elapsed.
2022-07-29 01:50:02,321  INFO raft.raft Election Timeout
2022-07-29 01:50:02,321  INFO raft.raft Do Noting as CANDIDATE
2022-07-29 01:50:02,330  INFO raft.raft ElectionChecker Start
2022-07-29 01:50:02,331 ERROR raft.raft [Errno 111] Connection refused
2022-07-29 01:50:02,331  INFO raft.raft ip_port:('172.17.0.3', 3769)'s Vote:None
2022-07-29 01:50:02,331 ERROR raft.raft [Errno 111] Connection refused
2022-07-29 01:50:02,332  INFO raft.raft ip_port:('172.17.0.4', 3769)'s Vote:None
2022-07-29 01:50:02,331 ERROR raft.raft [Errno 111] Connection refused
2022-07-29 01:50:02,332  INFO raft.raft ip_port:('172.17.0.5', 3769)'s Vote:None
2022-07-29 01:50:02,332  INFO raft.raft i:0, peer_result:None
2022-07-29 01:50:02,332  INFO raft.raft i:1, peer_result:None
2022-07-29 01:50:02,332  INFO raft.raft i:2, peer_result:None
2022-07-29 01:50:02,332  INFO raft.raft ('172.17.0.2', 3769) is FOLLOWER!
2022-07-29 01:50:05,327  INFO raft.peergroup 5 seconds elapsed.
2022-07-29 01:50:06,328  INFO raft.raft Election Timeout
2022-07-29 01:50:06,328  INFO raft.raft Do Noting as CANDIDATE
2022-07-29 01:50:06,343  INFO raft.raft ElectionChecker Start
2022-07-29 01:50:06,344 ERROR raft.raft [Errno 111] Connection refused
2022-07-29 01:50:06,344  INFO raft.raft ip_port:('172.17.0.3', 3769)'s Vote:None
2022-07-29 01:50:06,345 ERROR raft.raft [Errno 111] Connection refused
2022-07-29 01:50:06,345  INFO raft.raft ip_port:('172.17.0.5', 3769)'s Vote:None
2022-07-29 01:50:06,345 ERROR raft.raft [Errno 111] Connection refused
2022-07-29 01:50:06,345  INFO raft.raft ip_port:('172.17.0.4', 3769)'s Vote:None
2022-07-29 01:50:06,345  INFO raft.raft i:0, peer_result:None
2022-07-29 01:50:06,345  INFO raft.raft i:1, peer_result:None
2022-07-29 01:50:06,345  INFO raft.raft i:2, peer_result:None
2022-07-29 01:50:06,345  INFO raft.raft ('172.17.0.2', 3769) is FOLLOWER!
2022-07-29 01:50:10,330  INFO raft.raft Election Timeout
2022-07-29 01:50:10,330  INFO raft.raft Do Noting as CANDIDATE
2022-07-29 01:50:10,332  INFO raft.peergroup 5 seconds elapsed.
2022-07-29 01:50:10,357  INFO raft.raft ElectionChecker Start
2022-07-29 01:50:10,358 ERROR raft.raft [Errno 111] Connection refused
2022-07-29 01:50:10,358 ERROR raft.raft [Errno 111] Connection refused
2022-07-29 01:50:10,358  INFO raft.raft ip_port:('172.17.0.4', 3769)'s Vote:None
2022-07-29 01:50:10,358  INFO raft.raft ip_port:('172.17.0.3', 3769)'s Vote:None
2022-07-29 01:50:10,359 ERROR raft.raft [Errno 111] Connection refused
2022-07-29 01:50:10,359  INFO raft.raft ip_port:('172.17.0.5', 3769)'s Vote:None
2022-07-29 01:50:10,360  INFO raft.raft i:0, peer_result:None
2022-07-29 01:50:10,360  INFO raft.raft i:1, peer_result:None
2022-07-29 01:50:10,360  INFO raft.raft i:2, peer_result:None
2022-07-29 01:50:10,360  INFO raft.raft ('172.17.0.2', 3769) is FOLLOWER!
2022-07-29 01:50:14,332  INFO raft.raft Election Timeout
2022-07-29 01:50:14,332  INFO raft.raft Do Noting as CANDIDATE
2022-07-29 01:50:14,363  INFO raft.raft ElectionChecker Start
2022-07-29 01:50:14,364 ERROR raft.raft [Errno 111] Connection refused
2022-07-29 01:50:14,364  INFO raft.raft ip_port:('172.17.0.3', 3769)'s Vote:None
2022-07-29 01:50:14,365 ERROR raft.raft [Errno 111] Connection refused
2022-07-29 01:50:14,365  INFO raft.raft ip_port:('172.17.0.4', 3769)'s Vote:None
2022-07-29 01:50:14,365 ERROR raft.raft [Errno 111] Connection refused
2022-07-29 01:50:14,365  INFO raft.raft ip_port:('172.17.0.5', 3769)'s Vote:None
2022-07-29 01:50:14,365  INFO raft.raft i:0, peer_result:None
2022-07-29 01:50:14,365  INFO raft.raft i:1, peer_result:None
2022-07-29 01:50:14,365  INFO raft.raft i:2, peer_result:None
2022-07-29 01:50:14,365  INFO raft.raft ('172.17.0.2', 3769) is FOLLOWER!
2022-07-29 01:50:15,338  INFO raft.peergroup 5 seconds elapsed.
2022-07-29 01:50:18,339  INFO raft.raft Election Timeout
2022-07-29 01:50:18,379  INFO raft.raft ElectionChecker Start
2022-07-29 01:50:18,380 ERROR raft.raft [Errno 111] Connection refused
2022-07-29 01:50:18,380  INFO raft.raft ip_port:('172.17.0.3', 3769)'s Vote:None
2022-07-29 01:50:18,381 ERROR raft.raft [Errno 111] Connection refused
2022-07-29 01:50:18,382  INFO raft.raft ip_port:('172.17.0.5', 3769)'s Vote:None
2022-07-29 01:50:18,382 ERROR raft.raft [Errno 111] Connection refused
2022-07-29 01:50:18,382  INFO raft.raft ip_port:('172.17.0.4', 3769)'s Vote:None
2022-07-29 01:50:18,383  INFO raft.raft i:0, peer_result:None
2022-07-29 01:50:18,383  INFO raft.raft i:1, peer_result:None
2022-07-29 01:50:18,384  INFO raft.raft i:2, peer_result:None
2022-07-29 01:50:18,384  INFO raft.raft ('172.17.0.2', 3769) is FOLLOWER!
2022-07-29 01:52:56,218  INFO raft.server start server:('172.17.0.2', 3769)
2022-07-29 01:52:56,219  INFO raft.peergroup self.me_peer:('172.17.0.2', 3769)
2022-07-29 01:52:56,219  INFO raft.peergroup self.other_peers:[<peergroup.Peer instance at 0xffffa9c266e0>, <peergroup.Peer instance at 0xffffa9c26910>, <peergroup.Peer instance at 0xffffa9c26b40>]
2022-07-29 01:52:56,219  INFO raft.peergroup create 3 threads
2022-07-29 01:52:56,220  INFO raft.peergroup start run.
2022-07-29 01:52:56,221  INFO raft.raft Election Timeout Checker Start
2022-07-29 01:52:59,224  INFO raft.raft Election Timeout
2022-07-29 01:52:59,224  INFO raft.raft Do Noting as CANDIDATE
2022-07-29 01:52:59,224  INFO raft.raft ElectionChecker Start
2022-07-29 01:52:59,227 ERROR raft.raft [Errno 111] Connection refused
2022-07-29 01:52:59,227 ERROR raft.raft [Errno 111] Connection refused
2022-07-29 01:52:59,227  INFO raft.raft ip_port:('172.17.0.4', 3769)'s Vote:None
2022-07-29 01:52:59,227 ERROR raft.raft [Errno 111] Connection refused
2022-07-29 01:52:59,228  INFO raft.raft ip_port:('172.17.0.5', 3769)'s Vote:None
2022-07-29 01:52:59,227  INFO raft.raft ip_port:('172.17.0.3', 3769)'s Vote:None
2022-07-29 01:52:59,228  INFO raft.raft i:0, peer_result:None
2022-07-29 01:52:59,228  INFO raft.raft i:1, peer_result:None
2022-07-29 01:52:59,228  INFO raft.raft i:2, peer_result:None
2022-07-29 01:52:59,228  INFO raft.raft ('172.17.0.2', 3769) is FOLLOWER!
2022-07-29 01:53:01,228  INFO raft.peergroup 5 seconds elapsed.
2022-07-29 01:53:03,229  INFO raft.raft Election Timeout
2022-07-29 01:53:03,230  INFO raft.raft ElectionChecker Start
2022-07-29 01:53:03,234 ERROR raft.raft [Errno 111] Connection refused
2022-07-29 01:53:03,234  INFO raft.raft ip_port:('172.17.0.3', 3769)'s Vote:None
2022-07-29 01:53:03,235 ERROR raft.raft [Errno 111] Connection refused
2022-07-29 01:53:03,236  INFO raft.raft ip_port:('172.17.0.4', 3769)'s Vote:None
2022-07-29 01:53:03,236 ERROR raft.raft [Errno 111] Connection refused
2022-07-29 01:53:03,236  INFO raft.raft ip_port:('172.17.0.5', 3769)'s Vote:None
2022-07-29 01:53:03,237  INFO raft.raft i:0, peer_result:None
2022-07-29 01:53:03,237  INFO raft.raft i:1, peer_result:None
2022-07-29 01:53:03,237  INFO raft.raft i:2, peer_result:None
2022-07-29 01:53:03,237  INFO raft.raft ('172.17.0.2', 3769) is FOLLOWER!
2022-07-29 01:53:31,029  INFO raft.server start server:('172.17.0.2', 3769)
2022-07-29 01:53:31,030  INFO raft.peergroup self.me_peer:('172.17.0.2', 3769)
2022-07-29 01:53:31,031  INFO raft.peergroup self.other_peers:[<peergroup.Peer instance at 0xffff9898c6e0>, <peergroup.Peer instance at 0xffff9898c910>, <peergroup.Peer instance at 0xffff9898cb40>]
2022-07-29 01:53:31,031  INFO raft.peergroup create 3 threads
2022-07-29 01:53:31,031  INFO raft.peergroup start run.
2022-07-29 01:53:31,032  INFO raft.raft Election Timeout Checker Start
2022-07-29 01:53:34,033  INFO raft.raft Election Timeout
2022-07-29 01:53:34,034  INFO raft.raft Do Noting as CANDIDATE
2022-07-29 01:53:34,034  INFO raft.raft ElectionChecker Start
2022-07-29 01:53:34,036 ERROR raft.raft [Errno 111] Connection refused
2022-07-29 01:53:34,036  INFO raft.raft ip_port:('172.17.0.3', 3769)'s Vote:None
2022-07-29 01:53:34,036 ERROR raft.raft [Errno 111] Connection refused
2022-07-29 01:53:34,036 ERROR raft.raft [Errno 111] Connection refused
2022-07-29 01:53:34,036  INFO raft.raft ip_port:('172.17.0.4', 3769)'s Vote:None
2022-07-29 01:53:34,036  INFO raft.raft ip_port:('172.17.0.5', 3769)'s Vote:None
2022-07-29 01:53:34,037  INFO raft.raft i:0, peer_result:None
2022-07-29 01:53:34,037  INFO raft.raft i:1, peer_result:None
2022-07-29 01:53:34,037  INFO raft.raft i:2, peer_result:None
2022-07-29 01:53:34,037  INFO raft.raft ('172.17.0.2', 3769) is FOLLOWER!
2022-07-29 01:53:36,039  INFO raft.peergroup 5 seconds elapsed.
2022-07-29 01:53:38,037  INFO raft.raft Election Timeout
2022-07-29 01:53:38,038  INFO raft.raft Do Noting as CANDIDATE
2022-07-29 01:53:38,038  INFO raft.raft ElectionChecker Start
2022-07-29 01:53:38,041 ERROR raft.raft [Errno 111] Connection refused
2022-07-29 01:53:38,042  INFO raft.raft ip_port:('172.17.0.3', 3769)'s Vote:None
2022-07-29 01:53:38,043 ERROR raft.raft [Errno 111] Connection refused
2022-07-29 01:53:38,043  INFO raft.raft ip_port:('172.17.0.4', 3769)'s Vote:None
2022-07-29 01:53:38,044 ERROR raft.raft [Errno 111] Connection refused
2022-07-29 01:53:38,044  INFO raft.raft ip_port:('172.17.0.5', 3769)'s Vote:None
2022-07-29 01:53:38,044  INFO raft.raft i:0, peer_result:None
2022-07-29 01:53:38,044  INFO raft.raft i:1, peer_result:None
2022-07-29 01:53:38,044  INFO raft.raft i:2, peer_result:None
2022-07-29 01:53:38,045  INFO raft.raft ('172.17.0.2', 3769) is FOLLOWER!
2022-07-29 01:53:41,050  INFO raft.peergroup 5 seconds elapsed.
2022-07-29 01:53:42,045  INFO raft.raft Election Timeout
2022-07-29 01:53:42,046  INFO raft.raft ElectionChecker Start
2022-07-29 01:53:42,051 ERROR raft.raft [Errno 111] Connection refused
2022-07-29 01:53:42,051 ERROR raft.raft [Errno 111] Connection refused
2022-07-29 01:53:42,052  INFO raft.raft ip_port:('172.17.0.3', 3769)'s Vote:None
2022-07-29 01:53:42,052  INFO raft.raft ip_port:('172.17.0.5', 3769)'s Vote:None
2022-07-29 01:53:42,051 ERROR raft.raft [Errno 111] Connection refused
2022-07-29 01:53:42,053  INFO raft.raft ip_port:('172.17.0.4', 3769)'s Vote:None
2022-07-29 01:53:42,054  INFO raft.raft i:0, peer_result:None
2022-07-29 01:53:42,054  INFO raft.raft i:1, peer_result:None
2022-07-29 01:53:42,054  INFO raft.raft i:2, peer_result:None
2022-07-29 01:53:42,054  INFO raft.raft ('172.17.0.2', 3769) is FOLLOWER!
